<?xml version="1.0" encoding="UTF-8" ?>
<testsuites>
  <testsuite errors="0" failures="0" hostname="TPE-Alex-Yang" id="0" name="AllTests" package="junitpack" skipped="0" tests="2" time="39.284" timestamp="2017-03-03T09:00:36">
      <properties>
[...]
</properties>

      <testcase classname="junitpack.junit_create_account" name="Create_account" time="18.199" />

      <testcase classname="junitpack.junit_login" name="Login" time="20.874" />

      <system-out><![CDATA[1.Create_account-Email address:blank = pass
2.Create_account-Enter incorrect email = pass
3.Create_account-Enter Password:blank = pass
4.Create_account-Password: keyin over 20 characters = pass
5.Create_account-Password: keyin 1~8 number = pass
6.Create_account-Password: keyin 1~7 characters = pass
7.Create_account-Enter Captcha verification code : blank  = pass
9.Create_account-Uncheck "Yes, I agree to the terms of use" = pass
10.Create_account-Enter nickname : blank = pass
11.Create_account-Enter nickname over 10 characters = pass
17.Create_account-Enter error cfm password = pass
22.Create_account-Enter Error Captcha verification code = pass
1.keyin Email address: Abnormal = pass
2.keyin error password = pass
3.keyin less than 8 characters password = pass
4.keyin 1~8 password = pass
5.keyin over 20 characters = pass
6.The e-mail format incorrect = pass
7.Enter resend email page = pass
9.Enter error Captcha verification code = pass
]]></system-out>

      <system-err><![CDATA[1488531637379	geckodriver	INFO	Listening on 127.0.0.1:20764
三月 03, 2017 5:00:37 下午 org.openqa.selenium.remote.ProtocolHandshake createSession
資訊: Attempting bi-dialect session, assuming Postel's Law holds true on the remote end
1488531638059	mozprofile::profile	INFO	Using profile path C:\Users\alexyang\AppData\Local\Temp\rust_mozprofile.9J5VVIHBRDkq
1488531638067	geckodriver::marionette	INFO	Starting browser C:\Program Files (x86)\Mozilla Firefox\firefox.exe
1488531638076	geckodriver::marionette	INFO	Connecting to Marionette on localhost:54207
1488531639124	Marionette	INFO	Listening on port 54207
三月 03, 2017 5:00:41 下午 org.openqa.selenium.remote.ProtocolHandshake createSession
資訊: Detected dialect: W3C
1488531645595	Marionette	WARN	Using deprecated data structure for setting timeouts
1488531645668	Marionette	WARN	Using deprecated data structure for setting timeouts
1488531645741	Marionette	WARN	Using deprecated data structure for setting timeouts
1488531645921	Marionette	WARN	Using deprecated data structure for setting timeouts
1488531646057	Marionette	WARN	Using deprecated data structure for setting timeouts
1488531646064	Marionette	WARN	Using deprecated data structure for setting timeouts
1488531646202	Marionette	WARN	Using deprecated data structure for setting timeouts
1488531646337	Marionette	WARN	Using deprecated data structure for setting timeouts
1488531646416	Marionette	WARN	Using deprecated data structure for setting timeouts
1488531646474	Marionette	WARN	Using deprecated data structure for setting timeouts
1488531646619	Marionette	WARN	Using deprecated data structure for setting timeouts
1488531646831	Marionette	WARN	Using deprecated data structure for setting timeouts
1488531647033	Marionette	WARN	Using deprecated data structure for setting timeouts
1488531647117	Marionette	WARN	Using deprecated data structure for setting timeouts
1488531647248	Marionette	WARN	Using deprecated data structure for setting timeouts
1488531647433	Marionette	WARN	Using deprecated data structure for setting timeouts
1488531647595	Marionette	WARN	Using deprecated data structure for setting timeouts
1488531647767	Marionette	WARN	Using deprecated data structure for setting timeouts
1488531647907	Marionette	WARN	Using deprecated data structure for setting timeouts
1488531647961	Marionette	WARN	Using deprecated data structure for setting timeouts
1488531648073	Marionette	WARN	Using deprecated data structure for setting timeouts
1488531648197	Marionette	WARN	Using deprecated data structure for setting timeouts
1488531648286	Marionette	WARN	Using deprecated data structure for setting timeouts
1488531648373	Marionette	WARN	Using deprecated data structure for setting timeouts
1488531648518	Marionette	WARN	Using deprecated data structure for setting timeouts
1488531648560	Marionette	WARN	Using deprecated data structure for setting timeouts
1488531648658	Marionette	WARN	Using deprecated data structure for setting timeouts
1488531648772	Marionette	WARN	Using deprecated data structure for setting timeouts
1488531648855	Marionette	WARN	Using deprecated data structure for setting timeouts
1488531648977	Marionette	WARN	Using deprecated data structure for setting timeouts
1488531649173	Marionette	WARN	Using deprecated data structure for setting timeouts
1488531649219	Marionette	WARN	Using deprecated data structure for setting timeouts
1488531649356	Marionette	WARN	Using deprecated data structure for setting timeouts
1488531649487	Marionette	WARN	Using deprecated data structure for setting timeouts
1488531649582	Marionette	WARN	Using deprecated data structure for setting timeouts
1488531649668	Marionette	WARN	Using deprecated data structure for setting timeouts
1488531649739	Marionette	WARN	Using deprecated data structure for setting timeouts
1488531649854	Marionette	WARN	Using deprecated data structure for setting timeouts
1488531649905	Marionette	WARN	Using deprecated data structure for setting timeouts
1488531649962	Marionette	WARN	Using deprecated data structure for setting timeouts
1488531650103	Marionette	WARN	Using deprecated data structure for setting timeouts
1488531650147	Marionette	WARN	Using deprecated data structure for setting timeouts
1488531650241	Marionette	WARN	Using deprecated data structure for setting timeouts
1488531650388	Marionette	WARN	Using deprecated data structure for setting timeouts
1488531650476	Marionette	WARN	Using deprecated data structure for setting timeouts
1488531650609	Marionette	WARN	Using deprecated data structure for setting timeouts
1488531650734	Marionette	WARN	Using deprecated data structure for setting timeouts
1488531650774	Marionette	WARN	Using deprecated data structure for setting timeouts
1488531650888	Marionette	WARN	Using deprecated data structure for setting timeouts
1488531651030	Marionette	WARN	Using deprecated data structure for setting timeouts
1488531651120	Marionette	WARN	Using deprecated data structure for setting timeouts
1488531651200	Marionette	WARN	Using deprecated data structure for setting timeouts
1488531651295	Marionette	WARN	Using deprecated data structure for setting timeouts
1488531651404	Marionette	WARN	Using deprecated data structure for setting timeouts
1488531651440	Marionette	WARN	Using deprecated data structure for setting timeouts
1488531651621	Marionette	WARN	Using deprecated data structure for setting timeouts
1488531651834	Marionette	WARN	Using deprecated data structure for setting timeouts
1488531652135	Marionette	WARN	Using deprecated data structure for setting timeouts
1488531652275	Marionette	WARN	Using deprecated data structure for setting timeouts
1488531652417	Marionette	WARN	Using deprecated data structure for setting timeouts
1488531652470	Marionette	WARN	Using deprecated data structure for setting timeouts
1488531652586	Marionette	WARN	Using deprecated data structure for setting timeouts
1488531652749	Marionette	WARN	Using deprecated data structure for setting timeouts
1488531652838	Marionette	WARN	Using deprecated data structure for setting timeouts
1488531652942	Marionette	WARN	Using deprecated data structure for setting timeouts
1488531653030	Marionette	WARN	Using deprecated data structure for setting timeouts
1488531653144	Marionette	WARN	Using deprecated data structure for setting timeouts
1488531653498	Marionette	WARN	Using deprecated data structure for setting timeouts
[Child 9432] ###!!! ABORT: Aborting on channel error.: file c:/builds/moz2_slave/m-rel-w32-00000000000000000000/build/src/ipc/glue/MessageChannel.cpp, line 2056
三月 03, 2017 5:00:55 下午 org.openqa.selenium.os.UnixProcess destroy
嚴重: Unable to kill process with PID 10704
1488531655085	geckodriver	INFO	Listening on 127.0.0.1:11450
三月 03, 2017 5:00:55 下午 org.openqa.selenium.remote.ProtocolHandshake createSession
資訊: Attempting bi-dialect session, assuming Postel's Law holds true on the remote end
1488531655570	mozprofile::profile	INFO	Using profile path C:\Users\alexyang\AppData\Local\Temp\rust_mozprofile.5kf5Lo4n1pTB
1488531655583	geckodriver::marionette	INFO	Starting browser C:\Program Files (x86)\Mozilla Firefox\firefox.exe
1488531655601	geckodriver::marionette	INFO	Connecting to Marionette on localhost:54512
1488531656641	Marionette	INFO	Listening on port 54512
三月 03, 2017 5:00:58 下午 org.openqa.selenium.remote.ProtocolHandshake createSession
資訊: Detected dialect: W3C
1488531662505	Marionette	WARN	Using deprecated data structure for setting timeouts
1488531666943	Marionette	WARN	Using deprecated data structure for setting timeouts
1488531666990	Marionette	WARN	Using deprecated data structure for setting timeouts
1488531668075	Marionette	WARN	Using deprecated data structure for setting timeouts
1488531668130	Marionette	WARN	Using deprecated data structure for setting timeouts
1488531668135	Marionette	WARN	Using deprecated data structure for setting timeouts
1488531668398	Marionette	WARN	Using deprecated data structure for setting timeouts
1488531668560	Marionette	WARN	Using deprecated data structure for setting timeouts
1488531668590	Marionette	WARN	Using deprecated data structure for setting timeouts
1488531668659	Marionette	WARN	Using deprecated data structure for setting timeouts
1488531668699	Marionette	WARN	Using deprecated data structure for setting timeouts
1488531669294	Marionette	WARN	Using deprecated data structure for setting timeouts
1488531669298	Marionette	WARN	Using deprecated data structure for setting timeouts
1488531669325	Marionette	WARN	Using deprecated data structure for setting timeouts
1488531669457	Marionette	WARN	Using deprecated data structure for setting timeouts
1488531669488	Marionette	WARN	Using deprecated data structure for setting timeouts
1488531669549	Marionette	WARN	Using deprecated data structure for setting timeouts
1488531669590	Marionette	WARN	Using deprecated data structure for setting timeouts
1488531669648	Marionette	WARN	Using deprecated data structure for setting timeouts
1488531669652	Marionette	WARN	Using deprecated data structure for setting timeouts
1488531669679	Marionette	WARN	Using deprecated data structure for setting timeouts
1488531669780	Marionette	WARN	Using deprecated data structure for setting timeouts
1488531669814	Marionette	WARN	Using deprecated data structure for setting timeouts
1488531669899	Marionette	WARN	Using deprecated data structure for setting timeouts
1488531669933	Marionette	WARN	Using deprecated data structure for setting timeouts
1488531669985	Marionette	WARN	Using deprecated data structure for setting timeouts
1488531669989	Marionette	WARN	Using deprecated data structure for setting timeouts
1488531670015	Marionette	WARN	Using deprecated data structure for setting timeouts
1488531670150	Marionette	WARN	Using deprecated data structure for setting timeouts
1488531670240	Marionette	WARN	Using deprecated data structure for setting timeouts
1488531670301	Marionette	WARN	Using deprecated data structure for setting timeouts
1488531670335	Marionette	WARN	Using deprecated data structure for setting timeouts
1488531670391	Marionette	WARN	Using deprecated data structure for setting timeouts
1488531670396	Marionette	WARN	Using deprecated data structure for setting timeouts
1488531670425	Marionette	WARN	Using deprecated data structure for setting timeouts
1488531670546	Marionette	WARN	Using deprecated data structure for setting timeouts
1488531670595	Marionette	WARN	Using deprecated data structure for setting timeouts
1488531670728	Marionette	WARN	Using deprecated data structure for setting timeouts
1488531670769	Marionette	WARN	Using deprecated data structure for setting timeouts
1488531670830	Marionette	WARN	Using deprecated data structure for setting timeouts
1488531670834	Marionette	WARN	Using deprecated data structure for setting timeouts
1488531670867	Marionette	WARN	Using deprecated data structure for setting timeouts
1488531670928	Marionette	WARN	Using deprecated data structure for setting timeouts
1488531670961	Marionette	WARN	Using deprecated data structure for setting timeouts
1488531671018	Marionette	WARN	Using deprecated data structure for setting timeouts
1488531671049	Marionette	WARN	Using deprecated data structure for setting timeouts
1488531671105	Marionette	WARN	Using deprecated data structure for setting timeouts
1488531671111	Marionette	WARN	Using deprecated data structure for setting timeouts
1488531671148	Marionette	WARN	Using deprecated data structure for setting timeouts
1488531672185	Marionette	WARN	Using deprecated data structure for setting timeouts
1488531672231	Marionette	WARN	Using deprecated data structure for setting timeouts
1488531672270	Marionette	WARN	Using deprecated data structure for setting timeouts
1488531672403	Marionette	WARN	Using deprecated data structure for setting timeouts
1488531672461	Marionette	WARN	Using deprecated data structure for setting timeouts
1488531673539	Marionette	WARN	Using deprecated data structure for setting timeouts
[Child 2728] ###!!! ABORT: Aborting on channel error.: file c:/builds/moz2_slave/m-rel-w32-00000000000000000000/build/src/ipc/glue/MessageChannel.cpp, line 2056
]]></system-err>

  </testsuite>
</testsuites>
