<?xml version="1.0" encoding="UTF-8" ?>
<testsuite errors="0" failures="0" hostname="TPE-Alex-Yang" name="junitpack.AllTests" skipped="0" tests="2" time="38.596" timestamp="2017-03-03T09:44:12">
  <properties>
[...]
</properties>
  <testcase classname="junitpack.junit_create_account" name="Create_account" time="18.057" />
  <testcase classname="junitpack.junit_login" name="Login" time="20.369" />
  <system-out><![CDATA[1.Create_account-Email address:blank = pass
2.Create_account-Enter incorrect email = pass
3.Create_account-Enter Password:blank = pass
4.Create_account-Password: keyin over 20 characters = pass
5.Create_account-Password: keyin 1~8 number = pass
6.Create_account-Password: keyin 1~7 characters = pass
7.Create_account-Enter Captcha verification code : blank  = pass
9.Create_account-Uncheck "Yes, I agree to the terms of use" = pass
10.Create_account-Enter nickname : blank = pass
11.Create_account-Enter nickname over 10 characters = pass
17.Create_account-Enter error cfm password = pass
22.Create_account-Enter Error Captcha verification code = pass
1.keyin Email address: Abnormal = pass
2.keyin error password = pass
3.keyin less than 8 characters password = pass
4.keyin 1~8 password = pass
5.keyin over 20 characters = pass
6.The e-mail format incorrect = pass
7.Enter resend email page = pass
9.Enter error Captcha verification code = pass
]]></system-out>
  <system-err><![CDATA[1488534252592	geckodriver	INFO	Listening on 127.0.0.1:26848
三月 03, 2017 5:44:13 下午 org.openqa.selenium.remote.ProtocolHandshake createSession
資訊: Attempting bi-dialect session, assuming Postel's Law holds true on the remote end
1488534253218	mozprofile::profile	INFO	Using profile path C:\Users\alexyang\AppData\Local\Temp\rust_mozprofile.W37yhkYfffls
1488534253224	geckodriver::marionette	INFO	Starting browser C:\Program Files (x86)\Mozilla Firefox\firefox.exe
1488534253232	geckodriver::marionette	INFO	Connecting to Marionette on localhost:56342
1488534254061	Marionette	INFO	Listening on port 56342
三月 03, 2017 5:44:15 下午 org.openqa.selenium.remote.ProtocolHandshake createSession
資訊: Detected dialect: W3C
1488534261251	Marionette	WARN	Using deprecated data structure for setting timeouts
1488534261319	Marionette	WARN	Using deprecated data structure for setting timeouts
1488534261381	Marionette	WARN	Using deprecated data structure for setting timeouts
1488534261523	Marionette	WARN	Using deprecated data structure for setting timeouts
1488534261633	Marionette	WARN	Using deprecated data structure for setting timeouts
1488534261638	Marionette	WARN	Using deprecated data structure for setting timeouts
1488534261768	Marionette	WARN	Using deprecated data structure for setting timeouts
1488534261876	Marionette	WARN	Using deprecated data structure for setting timeouts
1488534261973	Marionette	WARN	Using deprecated data structure for setting timeouts
1488534262030	Marionette	WARN	Using deprecated data structure for setting timeouts
1488534262129	Marionette	WARN	Using deprecated data structure for setting timeouts
1488534262320	Marionette	WARN	Using deprecated data structure for setting timeouts
1488534262450	Marionette	WARN	Using deprecated data structure for setting timeouts
1488534262512	Marionette	WARN	Using deprecated data structure for setting timeouts
1488534262643	Marionette	WARN	Using deprecated data structure for setting timeouts
1488534262848	Marionette	WARN	Using deprecated data structure for setting timeouts
1488534263019	Marionette	WARN	Using deprecated data structure for setting timeouts
1488534263205	Marionette	WARN	Using deprecated data structure for setting timeouts
1488534263331	Marionette	WARN	Using deprecated data structure for setting timeouts
1488534263373	Marionette	WARN	Using deprecated data structure for setting timeouts
1488534263471	Marionette	WARN	Using deprecated data structure for setting timeouts
1488534263617	Marionette	WARN	Using deprecated data structure for setting timeouts
1488534263703	Marionette	WARN	Using deprecated data structure for setting timeouts
1488534263783	Marionette	WARN	Using deprecated data structure for setting timeouts
1488534263917	Marionette	WARN	Using deprecated data structure for setting timeouts
1488534263959	Marionette	WARN	Using deprecated data structure for setting timeouts
1488534264087	Marionette	WARN	Using deprecated data structure for setting timeouts
1488534264283	Marionette	WARN	Using deprecated data structure for setting timeouts
1488534264362	Marionette	WARN	Using deprecated data structure for setting timeouts
1488534264447	Marionette	WARN	Using deprecated data structure for setting timeouts
1488534264580	Marionette	WARN	Using deprecated data structure for setting timeouts
1488534264624	Marionette	WARN	Using deprecated data structure for setting timeouts
1488534264717	Marionette	WARN	Using deprecated data structure for setting timeouts
1488534264837	Marionette	WARN	Using deprecated data structure for setting timeouts
1488534264919	Marionette	WARN	Using deprecated data structure for setting timeouts
1488534264987	Marionette	WARN	Using deprecated data structure for setting timeouts
1488534265045	Marionette	WARN	Using deprecated data structure for setting timeouts
1488534265192	Marionette	WARN	Using deprecated data structure for setting timeouts
1488534265361	Marionette	WARN	Using deprecated data structure for setting timeouts
1488534265471	Marionette	WARN	Using deprecated data structure for setting timeouts
1488534265712	Marionette	WARN	Using deprecated data structure for setting timeouts
1488534265806	Marionette	WARN	Using deprecated data structure for setting timeouts
1488534265930	Marionette	WARN	Using deprecated data structure for setting timeouts
1488534266166	Marionette	WARN	Using deprecated data structure for setting timeouts
1488534266287	Marionette	WARN	Using deprecated data structure for setting timeouts
1488534266376	Marionette	WARN	Using deprecated data structure for setting timeouts
1488534266532	Marionette	WARN	Using deprecated data structure for setting timeouts
1488534266577	Marionette	WARN	Using deprecated data structure for setting timeouts
1488534266695	Marionette	WARN	Using deprecated data structure for setting timeouts
1488534266870	Marionette	WARN	Using deprecated data structure for setting timeouts
1488534266961	Marionette	WARN	Using deprecated data structure for setting timeouts
1488534267041	Marionette	WARN	Using deprecated data structure for setting timeouts
1488534267142	Marionette	WARN	Using deprecated data structure for setting timeouts
1488534267251	Marionette	WARN	Using deprecated data structure for setting timeouts
1488534267294	Marionette	WARN	Using deprecated data structure for setting timeouts
1488534267392	Marionette	WARN	Using deprecated data structure for setting timeouts
1488534267502	Marionette	WARN	Using deprecated data structure for setting timeouts
1488534267580	Marionette	WARN	Using deprecated data structure for setting timeouts
1488534267661	Marionette	WARN	Using deprecated data structure for setting timeouts
1488534267763	Marionette	WARN	Using deprecated data structure for setting timeouts
1488534267808	Marionette	WARN	Using deprecated data structure for setting timeouts
1488534267896	Marionette	WARN	Using deprecated data structure for setting timeouts
1488534267997	Marionette	WARN	Using deprecated data structure for setting timeouts
1488534268068	Marionette	WARN	Using deprecated data structure for setting timeouts
1488534268144	Marionette	WARN	Using deprecated data structure for setting timeouts
1488534268209	Marionette	WARN	Using deprecated data structure for setting timeouts
1488534268316	Marionette	WARN	Using deprecated data structure for setting timeouts
1488534268652	Marionette	WARN	Using deprecated data structure for setting timeouts
[Child 7208] ###!!! ABORT: Aborting on channel error.: file c:/builds/moz2_slave/m-rel-w32-00000000000000000000/build/src/ipc/glue/MessageChannel.cpp, line 2056
三月 03, 2017 5:44:30 下午 org.openqa.selenium.os.UnixProcess destroy
嚴重: Unable to kill process with PID 14692
1488534270165	geckodriver	INFO	Listening on 127.0.0.1:39969
三月 03, 2017 5:44:30 下午 org.openqa.selenium.remote.ProtocolHandshake createSession
資訊: Attempting bi-dialect session, assuming Postel's Law holds true on the remote end
1488534270640	mozprofile::profile	INFO	Using profile path C:\Users\alexyang\AppData\Local\Temp\rust_mozprofile.d5ECq3S9mnfw
1488534270646	geckodriver::marionette	INFO	Starting browser C:\Program Files (x86)\Mozilla Firefox\firefox.exe
1488534270655	geckodriver::marionette	INFO	Connecting to Marionette on localhost:56637
1488534271484	Marionette	INFO	Listening on port 56637
三月 03, 2017 5:44:33 下午 org.openqa.selenium.remote.ProtocolHandshake createSession
資訊: Detected dialect: W3C
1488534277204	Marionette	WARN	Using deprecated data structure for setting timeouts
1488534281631	Marionette	WARN	Using deprecated data structure for setting timeouts
1488534281703	Marionette	WARN	Using deprecated data structure for setting timeouts
1488534282807	Marionette	WARN	Using deprecated data structure for setting timeouts
1488534282888	Marionette	WARN	Using deprecated data structure for setting timeouts
1488534282893	Marionette	WARN	Using deprecated data structure for setting timeouts
1488534283166	Marionette	WARN	Using deprecated data structure for setting timeouts
1488534283327	Marionette	WARN	Using deprecated data structure for setting timeouts
1488534283357	Marionette	WARN	Using deprecated data structure for setting timeouts
1488534283424	Marionette	WARN	Using deprecated data structure for setting timeouts
1488534283464	Marionette	WARN	Using deprecated data structure for setting timeouts
1488534284086	Marionette	WARN	Using deprecated data structure for setting timeouts
1488534284090	Marionette	WARN	Using deprecated data structure for setting timeouts
1488534284117	Marionette	WARN	Using deprecated data structure for setting timeouts
1488534284255	Marionette	WARN	Using deprecated data structure for setting timeouts
1488534284294	Marionette	WARN	Using deprecated data structure for setting timeouts
1488534284350	Marionette	WARN	Using deprecated data structure for setting timeouts
1488534284388	Marionette	WARN	Using deprecated data structure for setting timeouts
1488534284445	Marionette	WARN	Using deprecated data structure for setting timeouts
1488534284449	Marionette	WARN	Using deprecated data structure for setting timeouts
1488534284474	Marionette	WARN	Using deprecated data structure for setting timeouts
1488534284578	Marionette	WARN	Using deprecated data structure for setting timeouts
1488534284611	Marionette	WARN	Using deprecated data structure for setting timeouts
1488534284681	Marionette	WARN	Using deprecated data structure for setting timeouts
1488534284721	Marionette	WARN	Using deprecated data structure for setting timeouts
1488534284770	Marionette	WARN	Using deprecated data structure for setting timeouts
1488534284774	Marionette	WARN	Using deprecated data structure for setting timeouts
1488534284798	Marionette	WARN	Using deprecated data structure for setting timeouts
1488534284893	Marionette	WARN	Using deprecated data structure for setting timeouts
1488534284929	Marionette	WARN	Using deprecated data structure for setting timeouts
1488534284981	Marionette	WARN	Using deprecated data structure for setting timeouts
1488534285008	Marionette	WARN	Using deprecated data structure for setting timeouts
1488534285057	Marionette	WARN	Using deprecated data structure for setting timeouts
1488534285060	Marionette	WARN	Using deprecated data structure for setting timeouts
1488534285085	Marionette	WARN	Using deprecated data structure for setting timeouts
1488534285191	Marionette	WARN	Using deprecated data structure for setting timeouts
1488534285228	Marionette	WARN	Using deprecated data structure for setting timeouts
1488534285347	Marionette	WARN	Using deprecated data structure for setting timeouts
1488534285381	Marionette	WARN	Using deprecated data structure for setting timeouts
1488534285435	Marionette	WARN	Using deprecated data structure for setting timeouts
1488534285439	Marionette	WARN	Using deprecated data structure for setting timeouts
1488534285466	Marionette	WARN	Using deprecated data structure for setting timeouts
1488534285519	Marionette	WARN	Using deprecated data structure for setting timeouts
1488534285549	Marionette	WARN	Using deprecated data structure for setting timeouts
1488534285601	Marionette	WARN	Using deprecated data structure for setting timeouts
1488534285627	Marionette	WARN	Using deprecated data structure for setting timeouts
1488534285679	Marionette	WARN	Using deprecated data structure for setting timeouts
1488534285683	Marionette	WARN	Using deprecated data structure for setting timeouts
1488534285722	Marionette	WARN	Using deprecated data structure for setting timeouts
1488534286738	Marionette	WARN	Using deprecated data structure for setting timeouts
1488534286776	Marionette	WARN	Using deprecated data structure for setting timeouts
1488534286817	Marionette	WARN	Using deprecated data structure for setting timeouts
1488534286961	Marionette	WARN	Using deprecated data structure for setting timeouts
1488534287010	Marionette	WARN	Using deprecated data structure for setting timeouts
1488534288084	Marionette	WARN	Using deprecated data structure for setting timeouts
[Child 14480] ###!!! ABORT: Aborting on channel error.: file c:/builds/moz2_slave/m-rel-w32-00000000000000000000/build/src/ipc/glue/MessageChannel.cpp, line 2056
三月 03, 2017 5:44:49 下午 org.openqa.selenium.os.UnixProcess destroy
嚴重: Unable to kill process with PID 7000
]]></system-err>
</testsuite>
